<?xml version="1.0" encoding="UTF-8"?>
<coverage generated="1611939045">
  <project timestamp="1611939045">
    <package name="PinkCrab\WP_PSR16_Cache">
      <file name="/shared/httpd/php/htdocs/pc_modules/Module__PSR_Cache/src/CacheInterface_Trait.php">
        <class name="CacheInterface_Trait" namespace="PinkCrab\WP_PSR16_Cache" fullPackage="CacheInterface">
          <metrics complexity="10" methods="3" coveredmethods="3" conditionals="0" coveredconditionals="0" statements="21" coveredstatements="21" elements="24" coveredelements="24"/>
        </class>
        <line num="36" type="method" name="is_valid_key_value" visibility="protected" complexity="3" crap="3" count="33"/>
        <line num="37" type="stmt" count="33"/>
        <line num="38" type="stmt" count="4"/>
        <line num="41" type="stmt" count="29"/>
        <line num="50" type="method" name="ttl_to_seconds" visibility="public" complexity="3" crap="3" count="21"/>
        <line num="52" type="stmt" count="21"/>
        <line num="53" type="stmt" count="2"/>
        <line num="54" type="stmt" count="2"/>
        <line num="55" type="stmt" count="2"/>
        <line num="56" type="stmt" count="2"/>
        <line num="58" type="stmt" count="2"/>
        <line num="59" type="stmt" count="2"/>
        <line num="60" type="stmt" count="2"/>
        <line num="61" type="stmt" count="2"/>
        <line num="63" type="stmt" count="19"/>
        <line num="64" type="stmt" count="3"/>
        <line num="67" type="stmt" count="17"/>
        <line num="77" type="method" name="all_true" visibility="protected" complexity="4" crap="4" count="10"/>
        <line num="78" type="stmt" count="10"/>
        <line num="79" type="stmt" count="10"/>
        <line num="80" type="stmt" count="1"/>
        <line num="83" type="stmt" count="9"/>
        <line num="84" type="stmt" count="1"/>
        <line num="87" type="stmt" count="8"/>
        <metrics loc="89" ncloc="51" classes="1" methods="3" coveredmethods="3" conditionals="0" coveredconditionals="0" statements="21" coveredstatements="21" elements="24" coveredelements="24"/>
      </file>
      <file name="/shared/httpd/php/htdocs/pc_modules/Module__PSR_Cache/src/Cache_Item.php">
        <class name="PinkCrab\WP_PSR16_Cache\Cache_Item" namespace="PinkCrab\WP_PSR16_Cache" fullPackage="Cache">
          <metrics complexity="1" methods="1" coveredmethods="1" conditionals="0" coveredconditionals="0" statements="4" coveredstatements="4" elements="5" coveredelements="5"/>
        </class>
        <line num="58" type="method" name="__construct" visibility="public" complexity="1" crap="1" count="11"/>
        <line num="59" type="stmt" count="11"/>
        <line num="60" type="stmt" count="11"/>
        <line num="61" type="stmt" count="11"/>
        <line num="62" type="stmt" count="11"/>
        <metrics loc="63" ncloc="22" classes="1" methods="1" coveredmethods="1" conditionals="0" coveredconditionals="0" statements="4" coveredstatements="4" elements="5" coveredelements="5"/>
      </file>
      <file name="/shared/httpd/php/htdocs/pc_modules/Module__PSR_Cache/src/File_Cache.php">
        <class name="PinkCrab\WP_PSR16_Cache\File_Cache" namespace="PinkCrab\WP_PSR16_Cache" fullPackage="File">
          <metrics complexity="31" methods="16" coveredmethods="16" conditionals="0" coveredconditionals="0" statements="69" coveredstatements="69" elements="85" coveredelements="85"/>
        </class>
        <line num="71" type="method" name="__construct" visibility="public" complexity="1" crap="1" count="17"/>
        <line num="72" type="stmt" count="17"/>
        <line num="73" type="stmt" count="17"/>
        <line num="75" type="stmt" count="17"/>
        <line num="76" type="stmt" count="17"/>
        <line num="77" type="stmt" count="17"/>
        <line num="84" type="method" name="set_wp_file_system" visibility="protected" complexity="1" crap="1" count="17"/>
        <line num="85" type="stmt" count="17"/>
        <line num="86" type="stmt" count="17"/>
        <line num="87" type="stmt" count="17"/>
        <line num="88" type="stmt" count="17"/>
        <line num="95" type="method" name="maybe_create_cache_dir" visibility="protected" complexity="2" crap="2" count="17"/>
        <line num="96" type="stmt" count="17"/>
        <line num="97" type="stmt" count="6"/>
        <line num="99" type="stmt" count="17"/>
        <line num="108" type="method" name="has" visibility="public" complexity="2" crap="2" count="4"/>
        <line num="109" type="stmt" count="4"/>
        <line num="110" type="stmt" count="1"/>
        <line num="112" type="stmt" count="3"/>
        <line num="125" type="method" name="set" visibility="public" complexity="2" crap="2" count="12"/>
        <line num="126" type="stmt" count="12"/>
        <line num="127" type="stmt" count="1"/>
        <line num="130" type="stmt" count="10"/>
        <line num="131" type="stmt" count="10"/>
        <line num="132" type="stmt" count="10"/>
        <line num="144" type="method" name="get" visibility="public" complexity="3" crap="3" count="12"/>
        <line num="145" type="stmt" count="12"/>
        <line num="146" type="stmt" count="1"/>
        <line num="148" type="stmt" count="10"/>
        <line num="149" type="stmt" count="10"/>
        <line num="159" type="method" name="delete" visibility="public" complexity="2" crap="2" count="3"/>
        <line num="160" type="stmt" count="3"/>
        <line num="161" type="stmt" count="1"/>
        <line num="163" type="stmt" count="2"/>
        <line num="164" type="stmt" count="2"/>
        <line num="173" type="method" name="clear" visibility="public" complexity="1" crap="1" count="6"/>
        <line num="174" type="stmt" count="6"/>
        <line num="184" type="method" name="getMultiple" visibility="public" complexity="1" crap="1" count="2"/>
        <line num="185" type="stmt" count="2"/>
        <line num="186" type="stmt" count="2"/>
        <line num="188" type="stmt" count="2"/>
        <line num="189" type="stmt" count="2"/>
        <line num="190" type="stmt" count="2"/>
        <line num="191" type="stmt" count="2"/>
        <line num="202" type="method" name="setMultiple" visibility="public" complexity="1" crap="1" count="4"/>
        <line num="203" type="stmt" count="4"/>
        <line num="204" type="stmt" count="4"/>
        <line num="205" type="stmt" count="4"/>
        <line num="207" type="stmt" count="4"/>
        <line num="208" type="stmt" count="4"/>
        <line num="209" type="stmt" count="4"/>
        <line num="210" type="stmt" count="4"/>
        <line num="221" type="method" name="deleteMultiple" visibility="public" complexity="1" crap="1" count="1"/>
        <line num="222" type="stmt" count="1"/>
        <line num="223" type="stmt" count="1"/>
        <line num="225" type="stmt" count="1"/>
        <line num="226" type="stmt" count="1"/>
        <line num="239" type="method" name="compile_file_path" visibility="protected" complexity="1" crap="1" count="10"/>
        <line num="240" type="stmt" count="10"/>
        <line num="241" type="stmt" count="10"/>
        <line num="242" type="stmt" count="10"/>
        <line num="243" type="stmt" count="10"/>
        <line num="245" type="stmt" count="10"/>
        <line num="258" type="method" name="compile_cache_item" visibility="protected" complexity="1" crap="1" count="10"/>
        <line num="259" type="stmt" count="10"/>
        <line num="260" type="stmt" count="10"/>
        <line num="262" type="stmt" count="10"/>
        <line num="272" type="method" name="compile_expiry" visibility="protected" complexity="2" crap="2" count="10"/>
        <line num="273" type="stmt" count="10"/>
        <line num="285" type="method" name="validate_contents" visibility="protected" complexity="5" crap="5" count="10"/>
        <line num="288" type="stmt" count="10"/>
        <line num="289" type="stmt" count="1"/>
        <line num="292" type="stmt" count="10"/>
        <line num="293" type="stmt" count="1"/>
        <line num="296" type="stmt" count="9"/>
        <line num="297" type="stmt" count="7"/>
        <line num="300" type="stmt" count="2"/>
        <line num="301" type="stmt" count="2"/>
        <line num="304" type="stmt" count="2"/>
        <line num="314" type="method" name="get_contents" visibility="protected" complexity="5" crap="5" count="10"/>
        <line num="316" type="stmt" count="10"/>
        <line num="318" type="stmt" count="10"/>
        <line num="320" type="stmt" count="10"/>
        <line num="321" type="stmt" count="9"/>
        <line num="322" type="stmt" count="10"/>
        <metrics loc="325" ncloc="169" classes="1" methods="16" coveredmethods="16" conditionals="0" coveredconditionals="0" statements="69" coveredstatements="69" elements="85" coveredelements="85"/>
      </file>
      <file name="/shared/httpd/php/htdocs/pc_modules/Module__PSR_Cache/src/Transient_Cache.php">
        <class name="PinkCrab\WP_PSR16_Cache\Transient_Cache" namespace="PinkCrab\WP_PSR16_Cache" fullPackage="Transient">
          <metrics complexity="19" methods="13" coveredmethods="13" conditionals="0" coveredconditionals="0" statements="59" coveredstatements="59" elements="72" coveredelements="72"/>
        </class>
        <line num="60" type="method" name="__construct" visibility="public" complexity="2" crap="2" count="19"/>
        <line num="61" type="stmt" count="19"/>
        <line num="62" type="stmt" count="19"/>
        <line num="74" type="method" name="set" visibility="public" complexity="2" crap="2" count="13"/>
        <line num="75" type="stmt" count="13"/>
        <line num="76" type="stmt" count="1"/>
        <line num="78" type="stmt" count="11"/>
        <line num="79" type="stmt" count="11"/>
        <line num="80" type="stmt" count="11"/>
        <line num="81" type="stmt" count="11"/>
        <line num="93" type="method" name="get" visibility="public" complexity="3" crap="3" count="13"/>
        <line num="94" type="stmt" count="13"/>
        <line num="95" type="stmt" count="2"/>
        <line num="97" type="stmt" count="10"/>
        <line num="107" type="method" name="delete" visibility="public" complexity="2" crap="2" count="3"/>
        <line num="108" type="stmt" count="3"/>
        <line num="109" type="stmt" count="1"/>
        <line num="111" type="stmt" count="2"/>
        <line num="119" type="method" name="clear" visibility="public" complexity="1" crap="1" count="6"/>
        <line num="120" type="stmt" count="6"/>
        <line num="122" type="stmt" count="4"/>
        <line num="123" type="stmt" count="6"/>
        <line num="124" type="stmt" count="6"/>
        <line num="126" type="stmt" count="6"/>
        <line num="136" type="method" name="getMultiple" visibility="public" complexity="1" crap="1" count="2"/>
        <line num="137" type="stmt" count="2"/>
        <line num="138" type="stmt" count="2"/>
        <line num="140" type="stmt" count="2"/>
        <line num="141" type="stmt" count="2"/>
        <line num="142" type="stmt" count="2"/>
        <line num="143" type="stmt" count="2"/>
        <line num="154" type="method" name="setMultiple" visibility="public" complexity="1" crap="1" count="4"/>
        <line num="155" type="stmt" count="4"/>
        <line num="156" type="stmt" count="4"/>
        <line num="157" type="stmt" count="4"/>
        <line num="159" type="stmt" count="4"/>
        <line num="160" type="stmt" count="4"/>
        <line num="161" type="stmt" count="4"/>
        <line num="162" type="stmt" count="4"/>
        <line num="173" type="method" name="deleteMultiple" visibility="public" complexity="1" crap="1" count="1"/>
        <line num="174" type="stmt" count="1"/>
        <line num="175" type="stmt" count="1"/>
        <line num="176" type="stmt" count="1"/>
        <line num="178" type="stmt" count="1"/>
        <line num="179" type="stmt" count="1"/>
        <line num="180" type="stmt" count="1"/>
        <line num="181" type="stmt" count="1"/>
        <line num="192" type="method" name="has" visibility="public" complexity="1" crap="1" count="4"/>
        <line num="193" type="stmt" count="4"/>
        <line num="202" type="method" name="parse_key" visibility="protected" complexity="1" crap="1" count="11"/>
        <line num="203" type="stmt" count="11"/>
        <line num="204" type="stmt" count="11"/>
        <line num="205" type="stmt" count="11"/>
        <line num="206" type="stmt" count="11"/>
        <line num="215" type="method" name="group_key_prefix" visibility="protected" complexity="2" crap="2" count="11"/>
        <line num="216" type="stmt" count="11"/>
        <line num="217" type="stmt" count="11"/>
        <line num="218" type="stmt" count="11"/>
        <line num="226" type="method" name="get_group_keys" visibility="protected" complexity="1" crap="1" count="6"/>
        <line num="228" type="stmt" count="6"/>
        <line num="230" type="stmt" count="4"/>
        <line num="231" type="stmt" count="4"/>
        <line num="232" type="stmt" count="4"/>
        <line num="233" type="stmt" count="4"/>
        <line num="235" type="stmt" count="6"/>
        <line num="236" type="stmt" count="6"/>
        <line num="246" type="method" name="get_transients" visibility="protected" complexity="1" crap="1" count="6"/>
        <line num="247" type="stmt" count="6"/>
        <line num="249" type="stmt" count="6"/>
        <line num="250" type="stmt" count="6"/>
        <line num="251" type="stmt" count="6"/>
        <line num="252" type="stmt" count="6"/>
        <metrics loc="256" ncloc="139" classes="1" methods="13" coveredmethods="13" conditionals="0" coveredconditionals="0" statements="59" coveredstatements="59" elements="72" coveredelements="72"/>
      </file>
    </package>
    <metrics files="4" loc="733" ncloc="381" classes="4" methods="33" coveredmethods="33" conditionals="0" coveredconditionals="0" statements="153" coveredstatements="153" elements="186" coveredelements="186"/>
  </project>
</coverage>
